<?xml version="1.0" encoding="UTF-8" ?>
<testsuite errors="1" failures="0" hostname="ZhideMacBook-Pro.local" name="OnlineStore.StepDefinitions" skipped="0" tests="1" time="0.113" timestamp="2016-10-20T04:38:34">
  <properties>
[...]
</properties>
  <testcase classname="OnlineStore.StepDefinitions" name="initializationError" time="0.004">
    <error message="No runnable methods" type="java.lang.Exception">java.lang.Exception: No runnable methods
	at java.lang.reflect.Constructor.newInstance(Constructor.java:408)
</error>
  </testcase>
  <system-out><![CDATA[]]></system-out>
  <system-err><![CDATA[]]></system-err>
</testsuite>
